[2026-03-14 10:51:11] [ERROR] Certificado.Controller.Upload | Exception: [Exception] [FireDAC][Phys][FB]file  is not a valid database
[2026-03-14 10:51:32] [ERROR] Auth.Controller.Login | Exception: [Exception] [FireDAC][Phys][FB]file  is not a valid database
[2026-03-14 10:53:35] [ERROR] Auth.Controller.Login | Exception: [Exception] [FireDAC][Phys][FB]Unable to complete network request to host "D".
Failed to locate host machine.
The specified name was not found in the hosts file or Domain Name Services.
[2026-03-14 10:54:43] [ERROR] Auth.Controller.Login | Exception: [Exception] [FireDAC][Phys][FB]Unable to complete network request to host "localhost".
Failed to establish a connection.
[2026-03-14 10:54:58] [ERROR] Auth.Controller.Login | Exception: [Exception] [FireDAC][Phys][FB]Unable to complete network request to host "localhost".
Failed to establish a connection.
[2026-03-14 13:26:33] [INFO ] Usuario.Service: usuário "teste2" cadastrado (id=3)
[2026-03-14 14:42:32] [INFO ] Auth.Service: Login bem-sucedido para teste2 (id=3)
[2026-03-14 14:43:00] [ERROR] ACBr.Service.ConsultarStatusSefaz | Exception: [EACBrDFeException] Nenhum arquivo de Schema encontrado na pasta: 
D:\PROJETOS\NotaFiscalOnline\nota-fiscal-online\Schemas\NFe\
[2026-03-14 14:43:27] [ERROR] ACBr.Service.ConsultarStatusSefaz | Exception: [EACBrDFeException] Nenhum arquivo de Schema encontrado na pasta: 
D:\PROJETOS\NotaFiscalOnline\nota-fiscal-online\Schemas\NFe\
[2026-03-14 14:44:17] [ERROR] ACBr.Service.ConsultarStatusSefaz | Exception: [EACBrDFeException] DadosPFX, ArquivoPFX, URLPFX ou NumeroSerie não especificados !
[2026-03-14 14:44:29] [ERROR] ACBr.Service.ConsultarStatusSefaz | Exception: [EACBrDFeException] DadosPFX, ArquivoPFX, URLPFX ou NumeroSerie não especificados !
[2026-03-14 14:45:37] [ERROR] ACBr.Service.ConsultarStatusSefaz | Exception: [EACBrDFeException] DadosPFX, ArquivoPFX, URLPFX ou NumeroSerie não especificados !
[2026-03-16 15:14:06] [INFO ] Auth.Service: Login bem-sucedido para portal (id=1)
[2026-03-16 15:14:13] [INFO ] Auth.Service: Login bem-sucedido para portal (id=1)
[2026-03-16 15:18:55] [INFO ] Auth.Service: Login bem-sucedido para portal (id=1)
[2026-03-16 15:22:00] [ERROR] ACBr.Service.CarregarCertificado: Nenhum certificado ativo para CNPJ 
[2026-03-16 15:22:00] [ERROR] ACBr.Service: Certificado não encontrado para CNPJ 
[2026-03-16 15:22:17] [ERROR] ACBr.Service.CarregarCertificado: Nenhum certificado ativo para CNPJ 
[2026-03-16 15:22:17] [ERROR] ACBr.Service: Certificado não encontrado para CNPJ 
[2026-03-16 15:24:49] [ERROR] ACBr.Service.CarregarCertificado: Nenhum certificado ativo para CNPJ 
[2026-03-16 15:24:49] [ERROR] ACBr.Service: Certificado não encontrado para CNPJ 
[2026-03-16 16:24:02] [ERROR] ACBr.Service.CarregarCertificado: Nenhum certificado ativo para CNPJ 
[2026-03-16 16:24:04] [ERROR] ACBr.Service: Certificado não encontrado para CNPJ 
[2026-03-16 16:28:04] [WARN ] Auth.Service: Login falhou para usuário portal
[2026-03-16 16:28:41] [INFO ] Auth.Service: Login bem-sucedido para teste2 (id=3)
[2026-03-16 16:35:34] [INFO ] Configuracao.Service: configurações do usuário 3 salvas
[2026-03-16 16:43:45] [INFO ] Configuracao.Service: configurações do usuário 3 salvas
[2026-03-16 17:03:45] [ERROR] Certificado.Service.ExtrairInfo: Erro ao ler informações do Certificado.
Provavelmente a senha está errada
Error: 310378599 - error:12800067:DSO support routines::could not load the shared library
[2026-03-16 17:04:01] [ERROR] Certificado.Service.ExtrairInfo: Erro ao ler informações do Certificado.
Provavelmente a senha está errada
Error: 50856204 - error:0308010C:digital envelope routines::unsupported
[2026-03-16 17:04:51] [ERROR] ACBr.Service.CarregarCertificado: Nenhum certificado ativo para CNPJ 
[2026-03-16 17:04:51] [WARN ] Auth.Service: Login falhou para usuário portal
[2026-03-16 17:04:51] [ERROR] ACBr.Service: Certificado não encontrado para CNPJ 
[2026-03-16 17:05:45] [ERROR] Certificado.Service.ExtrairInfo: Erro ao ler informações do Certificado.
Provavelmente a senha está errada
Error: 310378599 - error:12800067:DSO support routines::could not load the shared library
[2026-03-16 17:07:02] [ERROR] Certificado.Service.ExtrairInfo: Erro ao ler informações do Certificado.
Provavelmente a senha está errada
Error: 50856204 - error:0308010C:digital envelope routines::unsupported
[2026-03-16 17:08:03] [ERROR] Certificado.Service.ExtrairInfo: Erro ao ler informações do Certificado.
Provavelmente a senha está errada
Error: 310378599 - error:12800067:DSO support routines::could not load the shared library
[2026-03-16 17:10:45] [ERROR] ACBr.Service.CarregarCertificado: Nenhum certificado ativo para CNPJ 
[2026-03-16 17:10:45] [ERROR] ACBr.Service: Certificado não encontrado para CNPJ 
[2026-03-16 17:16:13] [INFO ] Configuracao.Service: configurações do usuário 3 salvas
[2026-03-16 17:33:23] [ERROR] ACBr.Service.CarregarCertificado: Nenhum certificado ativo para CNPJ 
[2026-03-16 17:33:23] [ERROR] ACBr.Service: Certificado não encontrado para CNPJ 
[2026-03-16 17:34:31] [INFO ] Auth.Service: Login bem-sucedido para portal (id=1)
[2026-03-16 17:35:49] [ERROR] ACBr.Service.CarregarCertificado: Nenhum certificado ativo para CNPJ 
[2026-03-16 17:35:49] [ERROR] ACBr.Service: Certificado não encontrado para CNPJ 
[2026-03-16 17:40:11] [ERROR] ACBr.Service.CarregarCertificado: Nenhum certificado ativo para CNPJ 
[2026-03-16 18:02:54] [ERROR] ACBr.Service.ConsultarStatusSefaz | Exception: [EACBrDFeException] DadosPFX, ArquivoPFX, URLPFX ou NumeroSerie não especificados !
[2026-03-16 18:03:48] [INFO ] ACBr.Service.CarregarCertificado: Certificado carregado via DadosPFX para CNPJ 00073365000146
[2026-03-16 18:03:51] [INFO ] ACBr.Service: Configurado com sucesso para CNPJ 00073365000146
[2026-03-16 18:04:01] [ERROR] ACBr.Service.ConsultarStatusSefaz | Exception: [EACBrDFeException] Erro ao ler informações do Certificado.
Provavelmente a senha está errada
Error: 310378599 - error:12800067:DSO support routines::could not load the shared library
[2026-03-19 16:24:01] [WARN ] Auth.Service: Login falhou para usuário portal
[2026-03-19 16:25:02] [INFO ] Auth.Service: Login bem-sucedido para teste2 (id=3)
[2026-03-19 16:29:17] [INFO ] ACBr.Service.CarregarCertificado: Certificado carregado via DadosPFX para CNPJ 00073365000146
[2026-03-19 16:29:17] [INFO ] ACBr.Service: Configurado com sucesso para CNPJ 00073365000146
[2026-03-19 16:29:25] [ERROR] ACBr.Service.ConsultarStatusSefaz | Exception: [EACBrDFeException] Nenhum arquivo de Schema encontrado na pasta: 
D:\PROJETOS\NotaFiscal\nota-fiscal-online\Schemas\NFe\
[2026-03-19 16:33:47] [INFO ] ACBr.Service.CarregarCertificado: Certificado carregado via DadosPFX para CNPJ 00073365000146
[2026-03-19 16:33:47] [INFO ] ACBr.Service: Configurado com sucesso para CNPJ 00073365000146
[2026-03-19 16:35:46] [INFO ] Auth.Service: Login bem-sucedido para teste2 (id=3)
[2026-03-19 16:36:19] [INFO ] ACBr.Service.CarregarCertificado: Certificado carregado via DadosPFX para CNPJ 00073365000146
[2026-03-19 16:36:19] [INFO ] ACBr.Service: Configurado com sucesso para CNPJ 00073365000146
[2026-03-19 16:37:34] [INFO ] ACBr.Service.CarregarCertificado: Certificado carregado via DadosPFX para CNPJ 00073365000146
[2026-03-19 16:37:34] [INFO ] ACBr.Service: Configurado com sucesso para CNPJ 00073365000146
[2026-03-19 16:37:34] [DEBUG] ACBr.Service.MontarNFe - inicio: natOp=VENDA DE MERCADORIAS serie=1 ambiente=2 itens=2 pagamentos=1
[2026-03-19 16:37:34] [DEBUG] ACBr.Service.MontarNFe - pós-montagem: DetCount=2 PagCount=1 Emit.EnderEmit=True Dest.EnderDest=True InfAdic=True infRespTec=True
[2026-03-19 16:37:34] [DEBUG] ACBr.Service.EmitirNFCe - pré-GerarNFe: Notas=1 DetCount=2 PagCount=1 Emit.EnderEmit=True Dest.EnderDest=True InfAdic=True infRespTec=True
[2026-03-19 16:37:49] [ERROR] ACBr.Service.ExecutarEnvio | Exception: [EACBrNFeException] Falha na validação dos dados da nota: 1
TAG:%TAGNIVEL% ID:B02/cUF(Código IBGE da UF) - Conteúdo inválido.
TAG:%TAGNIVEL% ID:B12/cMunFG(Código do Município FG) - Conteúdo inválido.
TAG:%TAGNIVEL% ID:B24/tpAmb(Identificação do Ambiente) - Nenhum valor informado.
TAG:%TAGNIVEL% ID:E02/CNPJ(CNPJ) - Conteúdo inválido.

 --> 1840 - Element '{http://www.portalfiscal.inf.br/nfe}CRT': [facet 'enumeration'] The value '4' is not an element of the set {'1', '2', '3'}.

[2026-03-19 16:39:21] [INFO ] ACBr.Service.CarregarCertificado: Certificado carregado via DadosPFX para CNPJ 00073365000146
[2026-03-19 16:39:21] [INFO ] ACBr.Service: Configurado com sucesso para CNPJ 00073365000146
[2026-03-19 16:40:35] [INFO ] ACBr.Service.CarregarCertificado: Certificado carregado via DadosPFX para CNPJ 00073365000146
[2026-03-19 16:40:35] [INFO ] ACBr.Service: Configurado com sucesso para CNPJ 00073365000146
[2026-03-19 16:40:35] [DEBUG] ACBr.Service.MontarNFe - inicio: natOp=VENDA DE MERCADORIAS serie=1 ambiente=2 itens=2 pagamentos=1
[2026-03-19 16:40:35] [DEBUG] ACBr.Service.MontarNFe - pós-montagem: DetCount=2 PagCount=1 Emit.EnderEmit=True Dest.EnderDest=True InfAdic=True infRespTec=True
[2026-03-19 16:40:35] [DEBUG] ACBr.Service.EmitirNFCe - pré-GerarNFe: Notas=1 DetCount=2 PagCount=1 Emit.EnderEmit=True Dest.EnderDest=True InfAdic=True infRespTec=True
[2026-03-19 16:40:46] [ERROR] ACBr.Service.ExecutarEnvio | Exception: [EACBrNFeException] Falha na validação dos dados da nota: 1
TAG:%TAGNIVEL% ID:B02/cUF(Código IBGE da UF) - Conteúdo inválido.
TAG:%TAGNIVEL% ID:B12/cMunFG(Código do Município FG) - Conteúdo inválido.
TAG:%TAGNIVEL% ID:B24/tpAmb(Identificação do Ambiente) - Nenhum valor informado.
TAG:%TAGNIVEL% ID:E02/CNPJ(CNPJ) - Conteúdo inválido.

 --> 1840 - Element '{http://www.portalfiscal.inf.br/nfe}CRT': [facet 'enumeration'] The value '4' is not an element of the set {'1', '2', '3'}.

[2026-03-19 16:45:59] [INFO ] Auth.Service: Login bem-sucedido para teste2 (id=3)
[2026-03-19 16:50:05] [INFO ] ACBr.Service.CarregarCertificado: Certificado carregado via DadosPFX para CNPJ 00073365000146
[2026-03-19 16:50:05] [INFO ] ACBr.Service: Configurado com sucesso para CNPJ 00073365000146
[2026-03-19 16:50:05] [DEBUG] ACBr.Service.MontarNFe - inicio: natOp=VENDA DE MERCADORIAS serie=1 ambiente=2 itens=2 pagamentos=1
[2026-03-19 16:50:05] [DEBUG] ACBr.Service.MontarNFe - pós-montagem: DetCount=2 PagCount=1 Emit.EnderEmit=True Dest.EnderDest=True InfAdic=True infRespTec=True
[2026-03-19 16:50:05] [DEBUG] ACBr.Service.EmitirNFCe - pré-GerarNFe: Notas=1 DetCount=2 PagCount=1 Emit.EnderEmit=True Dest.EnderDest=True InfAdic=True infRespTec=True
[2026-03-19 16:50:07] [ERROR] ACBr.Service.ExecutarEnvio | Exception: [EACBrNFeException] Falha na validação dos dados da nota: 1
TAG:%TAGNIVEL% ID:B02/cUF(Código IBGE da UF) - Conteúdo inválido.
TAG:%TAGNIVEL% ID:B12/cMunFG(Código do Município FG) - Conteúdo inválido.
TAG:%TAGNIVEL% ID:B24/tpAmb(Identificação do Ambiente) - Nenhum valor informado.
TAG:%TAGNIVEL% ID:E02/CNPJ(CNPJ) - Conteúdo inválido.

 --> 1840 - Element '{http://www.portalfiscal.inf.br/nfe}CRT': [facet 'enumeration'] The value '4' is not an element of the set {'1', '2', '3'}.

[2026-03-19 16:50:52] [INFO ] Auth.Service: Login bem-sucedido para teste2 (id=3)
[2026-03-19 16:51:34] [INFO ] ACBr.Service.CarregarCertificado: Certificado carregado via DadosPFX para CNPJ 00073365000146
[2026-03-19 16:51:34] [INFO ] ACBr.Service: Configurado com sucesso para CNPJ 00073365000146
[2026-03-19 16:52:00] [DEBUG] ACBr.Service.MontarNFe - inicio: natOp=VENDA DE MERCADORIAS serie=1 ambiente=2 itens=2 pagamentos=1
[2026-03-19 16:52:53] [DEBUG] ACBr.Service.MontarNFe - pós-montagem: DetCount=2 PagCount=1 Emit.EnderEmit=True Dest.EnderDest=True InfAdic=True infRespTec=True
[2026-03-19 16:52:58] [DEBUG] ACBr.Service.EmitirNFCe - pré-GerarNFe: Notas=1 DetCount=2 PagCount=1 Emit.EnderEmit=True Dest.EnderDest=True InfAdic=True infRespTec=True
[2026-03-19 16:53:07] [ERROR] ACBr.Service.ExecutarEnvio | Exception: [EACBrNFeException] Falha na validação dos dados da nota: 1
TAG:%TAGNIVEL% ID:B02/cUF(Código IBGE da UF) - Conteúdo inválido.
TAG:%TAGNIVEL% ID:B12/cMunFG(Código do Município FG) - Conteúdo inválido.
TAG:%TAGNIVEL% ID:B24/tpAmb(Identificação do Ambiente) - Nenhum valor informado.
TAG:%TAGNIVEL% ID:E02/CNPJ(CNPJ) - Conteúdo inválido.

 --> 1840 - Element '{http://www.portalfiscal.inf.br/nfe}CRT': [facet 'enumeration'] The value '4' is not an element of the set {'1', '2', '3'}.

